{
  "stats": {
    "suites": 1,
    "tests": 2,
    "passes": 2,
    "pending": 0,
    "failures": 0,
    "start": "2020-04-27T20:51:32.548Z",
    "end": "2020-04-27T20:51:35.396Z",
    "duration": 2848,
    "testsRegistered": 2,
    "passPercent": 100,
    "pendingPercent": 0,
    "other": 0,
    "hasOther": false,
    "skipped": 0,
    "hasSkipped": false
  },
  "results": [
    {
      "uuid": "45bf4e75-5af2-427a-8176-a66eb81ffb0c",
      "title": "",
      "fullFile": "cypress\\integration\\e2e\\results.spec.js",
      "file": "cypress\\integration\\e2e\\results.spec.js",
      "beforeHooks": [],
      "afterHooks": [],
      "tests": [],
      "suites": [
        {
          "uuid": "e5918387-9230-4983-a8fa-07a7603122b0",
          "title": "Text box with max characters",
          "fullFile": "",
          "file": "",
          "beforeHooks": [],
          "afterHooks": [],
          "tests": [
            {
              "title": "displays the appropriate remaining characters count",
              "fullTitle": "Text box with max characters displays the appropriate remaining characters count",
              "timedOut": null,
              "duration": 1885,
              "state": "passed",
              "speed": "slow",
              "pass": true,
              "fail": false,
              "pending": false,
              "context": null,
              "code": "cy.visit('http://localhost:3000/example-3');\ncy.get('[data-cy=\"last-name-chars-left-count\"]').as('charsLeftSpan');\ncy.get('[data-cy=\"input-last-name\"]').as('charInput');\ncy.get('@charsLeftSpan').then(function ($charsLeftSpan) {\n  expect($charsLeftSpan.text()).to.equal('15');\n});\ncy.get('@charInput').type('hello');\ncy.get('@charsLeftSpan').invoke('text').should('equal', '10');\ncy.get('@charInput').type(' my friend');\ncy.get('@charsLeftSpan').invoke('text').should('equal', '0');",
              "err": {},
              "uuid": "dee26417-fa99-44a6-9994-b14d6e5f5424",
              "parentUUID": "e5918387-9230-4983-a8fa-07a7603122b0",
              "isHook": false,
              "skipped": false
            },
            {
              "title": "prevents the user from typing more characters once max is exceeded",
              "fullTitle": "Text box with max characters prevents the user from typing more characters once max is exceeded",
              "timedOut": null,
              "duration": 853,
              "state": "passed",
              "speed": "slow",
              "pass": true,
              "fail": false,
              "pending": false,
              "context": null,
              "code": "cy.visit('http://localhost:3000/example-3');\ncy.get('[data-cy=\"input-last-name\"]').as('charInput');\ncy.get('@charInput').type('abcdefghijklmnopqrstuvwxyz');\ncy.get('@charInput').should('have.attr', 'value', 'abcdefghijklmno');",
              "err": {},
              "uuid": "2bdee6a4-c049-47ef-8a3f-a9aba2cfcd61",
              "parentUUID": "e5918387-9230-4983-a8fa-07a7603122b0",
              "isHook": false,
              "skipped": false
            }
          ],
          "suites": [],
          "passes": [
            "dee26417-fa99-44a6-9994-b14d6e5f5424",
            "2bdee6a4-c049-47ef-8a3f-a9aba2cfcd61"
          ],
          "failures": [],
          "pending": [],
          "skipped": [],
          "duration": 2738,
          "root": false,
          "rootEmpty": false,
          "_timeout": 2000
        }
      ],
      "passes": [],
      "failures": [],
      "pending": [],
      "skipped": [],
      "duration": 0,
      "root": true,
      "rootEmpty": true,
      "_timeout": 2000
    }
  ],
  "meta": {
    "mocha": {
      "version": "7.1.2"
    },
    "mochawesome": {
      "options": {
        "quiet": false,
        "reportFilename": "mochawesome",
        "saveHtml": true,
        "saveJson": true,
        "consoleReporter": "spec",
        "useInlineDiffs": false,
        "code": true
      },
      "version": "6.1.1"
    },
    "marge": {
      "options": {
        "reportDir": "cypress/report/mochawesome-report",
        "overwrite": false,
        "html": true,
        "json": true,
        "timestamp": "mmddyyyy_HHMMss"
      },
      "version": "5.1.0"
    }
  }
}