{
  "stats": {
    "suites": 1,
    "tests": 2,
    "passes": 2,
    "pending": 0,
    "failures": 0,
    "start": "2020-04-27T20:50:39.377Z",
    "end": "2020-04-27T20:50:43.882Z",
    "duration": 4505,
    "testsRegistered": 2,
    "passPercent": 100,
    "pendingPercent": 0,
    "other": 0,
    "hasOther": false,
    "skipped": 0,
    "hasSkipped": false
  },
  "results": [
    {
      "uuid": "01824565-e12d-4bf1-9bcc-6a44a93cf8fa",
      "title": "",
      "fullFile": "cypress\\integration\\e2e\\aliasing.spec.js",
      "file": "cypress\\integration\\e2e\\aliasing.spec.js",
      "beforeHooks": [],
      "afterHooks": [],
      "tests": [],
      "suites": [
        {
          "uuid": "052636be-e82e-437f-ab22-8969e28ea6eb",
          "title": "Text box with max characters",
          "fullFile": "",
          "file": "",
          "beforeHooks": [],
          "afterHooks": [],
          "tests": [
            {
              "title": "displays the appropriate remaining characters count",
              "fullTitle": "Text box with max characters displays the appropriate remaining characters count",
              "timedOut": null,
              "duration": 3379,
              "state": "passed",
              "speed": "slow",
              "pass": true,
              "fail": false,
              "pending": false,
              "context": null,
              "code": "cy.visit('http://localhost:3000/example-3');\ncy.get('[data-cy=\"last-name-chars-left-count\"]').as('charsLeftSpan');\ncy.get('[data-cy=\"input-last-name\"]').as('charInput');\ncy.get('@charsLeftSpan').invoke('text').should('equal', '15');\ncy.get('@charInput').type('hello');\ncy.get('@charsLeftSpan').invoke('text').should('equal', '10');\ncy.get('@charInput').type(' my friend');\ncy.get('@charsLeftSpan').invoke('text').should('equal', '0');",
              "err": {},
              "uuid": "05e0203e-b423-48bf-9ca3-58f31f811178",
              "parentUUID": "052636be-e82e-437f-ab22-8969e28ea6eb",
              "isHook": false,
              "skipped": false
            },
            {
              "title": "prevents the user from typing more characters once max is exceeded",
              "fullTitle": "Text box with max characters prevents the user from typing more characters once max is exceeded",
              "timedOut": null,
              "duration": 1027,
              "state": "passed",
              "speed": "slow",
              "pass": true,
              "fail": false,
              "pending": false,
              "context": null,
              "code": "cy.visit('http://localhost:3000/example-3');\ncy.get('[data-cy=\"input-last-name\"]').as('charInput');\ncy.get('@charInput').type('abcdefghijklmnopqrstuvwxyz');\ncy.get('@charInput').should('have.attr', 'value', 'abcdefghijklmno');",
              "err": {},
              "uuid": "51896f26-14f6-49eb-bc81-ae4cd6ae34b6",
              "parentUUID": "052636be-e82e-437f-ab22-8969e28ea6eb",
              "isHook": false,
              "skipped": false
            }
          ],
          "suites": [],
          "passes": [
            "05e0203e-b423-48bf-9ca3-58f31f811178",
            "51896f26-14f6-49eb-bc81-ae4cd6ae34b6"
          ],
          "failures": [],
          "pending": [],
          "skipped": [],
          "duration": 4406,
          "root": false,
          "rootEmpty": false,
          "_timeout": 2000
        }
      ],
      "passes": [],
      "failures": [],
      "pending": [],
      "skipped": [],
      "duration": 0,
      "root": true,
      "rootEmpty": true,
      "_timeout": 2000
    }
  ],
  "meta": {
    "mocha": {
      "version": "7.1.2"
    },
    "mochawesome": {
      "options": {
        "quiet": false,
        "reportFilename": "mochawesome",
        "saveHtml": true,
        "saveJson": true,
        "consoleReporter": "spec",
        "useInlineDiffs": false,
        "code": true
      },
      "version": "6.1.1"
    },
    "marge": {
      "options": {
        "reportDir": "cypress/report/mochawesome-report",
        "overwrite": false,
        "html": true,
        "json": true,
        "timestamp": "mmddyyyy_HHMMss"
      },
      "version": "5.1.0"
    }
  }
}